This is pdfTeX, Version 3.14159265-2.6-1.40.21 (MiKTeX 2.9.7380 64-bit) (preloaded format=pdflatex 2020.4.10)  10 APR 2020 14:02
entering extended mode
**"e:/projects/2020/April/Math Modelling/latex/report.tex"
("e:/projects/2020/April/Math Modelling/latex/report.tex"
LaTeX2e <2020-02-02> patch level 5
L3 programming layer <2020-04-06> (E:\Filer\LATEx\Compiler\tex/latex/base\article.cls
Document Class: article 2019/12/20 v1.4l Standard LaTeX document class
(E:\Filer\LATEx\Compiler\tex/latex/base\size10.clo
File: size10.clo 2019/12/20 v1.4l Standard LaTeX file (size option)
)
\c@part=\count167
\c@section=\count168
\c@subsection=\count169
\c@subsubsection=\count170
\c@paragraph=\count171
\c@subparagraph=\count172
\c@figure=\count173
\c@table=\count174
\abovecaptionskip=\skip47
\belowcaptionskip=\skip48
\bibindent=\dimen134
) (E:\Filer\LATEx\Compiler\tex/latex/l3backend\l3backend-pdfmode.def
File: l3backend-pdfmode.def 2020-03-12 L3 backend support: PDF mode
\l__kernel_color_stack_int=\count175
\l__pdf_internal_box=\box45
) ("e:\projects\2020\April\Math Modelling\latex\report.aux")
\openout1 = `report.aux'.

LaTeX Font Info:    Checking defaults for OML/cmm/m/it on input line 7.
LaTeX Font Info:    ... okay on input line 7.
LaTeX Font Info:    Checking defaults for OMS/cmsy/m/n on input line 7.
LaTeX Font Info:    ... okay on input line 7.
LaTeX Font Info:    Checking defaults for OT1/cmr/m/n on input line 7.
LaTeX Font Info:    ... okay on input line 7.
LaTeX Font Info:    Checking defaults for T1/cmr/m/n on input line 7.
LaTeX Font Info:    ... okay on input line 7.
LaTeX Font Info:    Checking defaults for TS1/cmr/m/n on input line 7.
LaTeX Font Info:    ... okay on input line 7.
LaTeX Font Info:    Checking defaults for OMX/cmex/m/n on input line 7.
LaTeX Font Info:    ... okay on input line 7.
LaTeX Font Info:    Checking defaults for U/cmr/m/n on input line 7.
LaTeX Font Info:    ... okay on input line 7.
LaTeX Font Info:    External font `cmex10' loaded for size
(Font)              <12> on input line 8.
LaTeX Font Info:    External font `cmex10' loaded for size
(Font)              <8> on input line 8.
LaTeX Font Info:    External font `cmex10' loaded for size
(Font)              <6> on input line 8.
 [1

{C:/Users/Emil/AppData/Local/MiKTeX/2.9/pdftex/config/pdftex.map}] ("e:\projects\2020\April\Math Modelling\latex\report.aux") ) 
Here is how much of TeX's memory you used:
 388 strings out of 480930
 6827 string characters out of 2911446
 240229 words of memory out of 3000000
 16330 multiletter control sequences out of 15000+200000
 535978 words of font info for 36 fonts, out of 3000000 for 9000
 1141 hyphenation exceptions out of 8191
 25i,6n,19p,205b,187s stack positions out of 5000i,500n,10000p,200000b,50000s
<E:/Filer/LATEx/Compiler/fonts/type1/public/amsfonts/cm/cmbx12.pfb><E:/Filer/LATEx/Compiler/fonts/type1/public/amsfonts/cm/cmr10.pfb><E:/Filer/LATEx/Compiler/fonts/type1/public/amsfonts/cm/cmr12.pfb><E:/Filer/LATEx/Compiler/fonts/type1/public/amsfonts/cm/cmr17.pfb>
Output written on "e:\projects\2020\April\Math Modelling\latex\report.pdf" (1 page, 50296 bytes).
PDF statistics:
 22 PDF objects out of 1000 (max. 8388607)
 0 named destinations out of 1000 (max. 500000)
 1 words of extra memory for PDF output out of 10000 (max. 10000000)

